[2025-06-11T16:15:11.794+0000] {taskinstance.py:1956} INFO - Dependencies all met for dep_context=non-requeueable deps ti=<TaskInstance: multi_region_transform_staging_v2.process_region_us.process_cart_items_us manual__2025-06-11T16:08:10.701979+00:00 [queued]>
[2025-06-11T16:15:11.828+0000] {taskinstance.py:1956} INFO - Dependencies all met for dep_context=requeueable deps ti=<TaskInstance: multi_region_transform_staging_v2.process_region_us.process_cart_items_us manual__2025-06-11T16:08:10.701979+00:00 [queued]>
[2025-06-11T16:15:11.829+0000] {taskinstance.py:2170} INFO - Starting attempt 2 of 2
[2025-06-11T16:15:11.867+0000] {taskinstance.py:2191} INFO - Executing <Task(_PythonDecoratedOperator): process_region_us.process_cart_items_us> on 2025-06-11 16:08:10.701979+00:00
[2025-06-11T16:15:11.880+0000] {standard_task_runner.py:60} INFO - Started process 35793 to run task
[2025-06-11T16:15:11.886+0000] {standard_task_runner.py:87} INFO - Running: ['airflow', 'tasks', 'run', 'multi_region_transform_staging_v2', 'process_region_us.process_cart_items_us', 'manual__2025-06-11T16:08:10.701979+00:00', '--job-id', '232', '--raw', '--subdir', 'DAGS_FOLDER/master_dag.py', '--cfg-path', '/tmp/tmpwd4os9xr']
[2025-06-11T16:15:11.890+0000] {standard_task_runner.py:88} INFO - Job 232: Subtask process_region_us.process_cart_items_us
[2025-06-11T16:15:12.052+0000] {task_command.py:423} INFO - Running <TaskInstance: multi_region_transform_staging_v2.process_region_us.process_cart_items_us manual__2025-06-11T16:08:10.701979+00:00 [running]> on host 5950010ae7c1
[2025-06-11T16:15:12.393+0000] {taskinstance.py:2480} INFO - Exporting env vars: AIRFLOW_CTX_DAG_OWNER='data-team' AIRFLOW_CTX_DAG_ID='multi_region_transform_staging_v2' AIRFLOW_CTX_TASK_ID='process_region_us.process_cart_items_us' AIRFLOW_CTX_EXECUTION_DATE='2025-06-11T16:08:10.701979+00:00' AIRFLOW_CTX_TRY_NUMBER='2' AIRFLOW_CTX_DAG_RUN_ID='manual__2025-06-11T16:08:10.701979+00:00'
[2025-06-11T16:15:22.758+0000] {logging_mixin.py:188} INFO - Debugggg::::Vector(spark://5950010ae7c1:37127/jars/snowflake-jdbc-3.13.17.jar, spark://5950010ae7c1:37127/jars/spark-snowflake_2.12-2.16.0-spark_3.2.jar)
[2025-06-11T16:15:22.759+0000] {logging_mixin.py:188} INFO - Processing cart_items for region us
[2025-06-11T16:15:22.810+0000] {logging_mixin.py:188} INFO - /opt/airflow/data/raw/region=us/table=cart_items/load_date=2025-06-11
[2025-06-11T16:15:52.974+0000] {logging_mixin.py:188} INFO - Error processing cart_items for us: transform_cart_items_us() takes 1 positional argument but 2 were given
[2025-06-11T16:15:54.939+0000] {taskinstance.py:2698} ERROR - Task failed with exception
Traceback (most recent call last):
  File "/home/airflow/.local/lib/python3.10/site-packages/airflow/models/taskinstance.py", line 433, in _execute_task
    result = execute_callable(context=context, **execute_callable_kwargs)
  File "/home/airflow/.local/lib/python3.10/site-packages/airflow/decorators/base.py", line 241, in execute
    return_value = super().execute(context)
  File "/home/airflow/.local/lib/python3.10/site-packages/airflow/operators/python.py", line 199, in execute
    return_value = self.execute_callable()
  File "/home/airflow/.local/lib/python3.10/site-packages/airflow/operators/python.py", line 216, in execute_callable
    return self.python_callable(*self.op_args, **self.op_kwargs)
  File "/opt/airflow/dags/master_dag.py", line 242, in process_table
    df_transformed = transform_func(df_raw, region,exchange_rates)
  File "/opt/airflow/scripts/etl/transform/cart_items.py", line 97, in transform_cart_items
    return transform_cart_items_us(df,exchange_rates)
TypeError: transform_cart_items_us() takes 1 positional argument but 2 were given
[2025-06-11T16:15:54.972+0000] {taskinstance.py:1138} INFO - Marking task as FAILED. dag_id=multi_region_transform_staging_v2, task_id=process_region_us.process_cart_items_us, execution_date=20250611T160810, start_date=20250611T161511, end_date=20250611T161554
[2025-06-11T16:15:55.028+0000] {standard_task_runner.py:107} ERROR - Failed to execute job 232 for task process_region_us.process_cart_items_us (transform_cart_items_us() takes 1 positional argument but 2 were given; 35793)
[2025-06-11T16:15:55.098+0000] {local_task_job_runner.py:234} INFO - Task exited with return code 1
[2025-06-11T16:15:55.200+0000] {taskinstance.py:3280} INFO - 0 downstream tasks scheduled from follow-on schedule check
