[2025-06-11T16:06:30.806+0000] {taskinstance.py:1956} INFO - Dependencies all met for dep_context=non-requeueable deps ti=<TaskInstance: multi_region_transform_staging_v2.process_region_us.process_marketing_campaigns_us manual__2025-06-11T16:03:34.479895+00:00 [queued]>
[2025-06-11T16:06:30.833+0000] {taskinstance.py:1956} INFO - Dependencies all met for dep_context=requeueable deps ti=<TaskInstance: multi_region_transform_staging_v2.process_region_us.process_marketing_campaigns_us manual__2025-06-11T16:03:34.479895+00:00 [queued]>
[2025-06-11T16:06:30.834+0000] {taskinstance.py:2170} INFO - Starting attempt 2 of 2
[2025-06-11T16:06:30.866+0000] {taskinstance.py:2191} INFO - Executing <Task(_PythonDecoratedOperator): process_region_us.process_marketing_campaigns_us> on 2025-06-11 16:03:34.479895+00:00
[2025-06-11T16:06:30.880+0000] {standard_task_runner.py:60} INFO - Started process 21609 to run task
[2025-06-11T16:06:30.886+0000] {standard_task_runner.py:87} INFO - Running: ['airflow', 'tasks', 'run', 'multi_region_transform_staging_v2', 'process_region_us.process_marketing_campaigns_us', 'manual__2025-06-11T16:03:34.479895+00:00', '--job-id', '183', '--raw', '--subdir', 'DAGS_FOLDER/master_dag.py', '--cfg-path', '/tmp/tmpx79dkdpt']
[2025-06-11T16:06:30.890+0000] {standard_task_runner.py:88} INFO - Job 183: Subtask process_region_us.process_marketing_campaigns_us
[2025-06-11T16:06:31.016+0000] {task_command.py:423} INFO - Running <TaskInstance: multi_region_transform_staging_v2.process_region_us.process_marketing_campaigns_us manual__2025-06-11T16:03:34.479895+00:00 [running]> on host 5950010ae7c1
[2025-06-11T16:06:31.273+0000] {taskinstance.py:2480} INFO - Exporting env vars: AIRFLOW_CTX_DAG_OWNER='data-team' AIRFLOW_CTX_DAG_ID='multi_region_transform_staging_v2' AIRFLOW_CTX_TASK_ID='process_region_us.process_marketing_campaigns_us' AIRFLOW_CTX_EXECUTION_DATE='2025-06-11T16:03:34.479895+00:00' AIRFLOW_CTX_TRY_NUMBER='2' AIRFLOW_CTX_DAG_RUN_ID='manual__2025-06-11T16:03:34.479895+00:00'
[2025-06-11T16:06:47.820+0000] {logging_mixin.py:188} INFO - Debugggg::::Vector(spark://5950010ae7c1:37635/jars/spark-snowflake_2.12-2.16.0-spark_3.2.jar, spark://5950010ae7c1:37635/jars/snowflake-jdbc-3.13.17.jar)
[2025-06-11T16:06:47.821+0000] {logging_mixin.py:188} INFO - Processing marketing_campaigns for region us
[2025-06-11T16:06:47.848+0000] {logging_mixin.py:188} INFO - /opt/airflow/data/raw/region=us/table=marketing_campaigns/load_date=2025-06-11
[2025-06-11T16:07:16.393+0000] {logging_mixin.py:188} INFO - Error processing marketing_campaigns for us: transform_marketing_campaigns_us() takes 1 positional argument but 2 were given
[2025-06-11T16:07:18.007+0000] {taskinstance.py:2698} ERROR - Task failed with exception
Traceback (most recent call last):
  File "/home/airflow/.local/lib/python3.10/site-packages/airflow/models/taskinstance.py", line 433, in _execute_task
    result = execute_callable(context=context, **execute_callable_kwargs)
  File "/home/airflow/.local/lib/python3.10/site-packages/airflow/decorators/base.py", line 241, in execute
    return_value = super().execute(context)
  File "/home/airflow/.local/lib/python3.10/site-packages/airflow/operators/python.py", line 199, in execute
    return_value = self.execute_callable()
  File "/home/airflow/.local/lib/python3.10/site-packages/airflow/operators/python.py", line 216, in execute_callable
    return self.python_callable(*self.op_args, **self.op_kwargs)
  File "/opt/airflow/dags/master_dag.py", line 242, in process_table
    df_transformed = transform_func(df_raw, region,exchange_rates)
  File "/opt/airflow/scripts/etl/transform/marketing_campaigns.py", line 97, in transform_marketing_campaigns
    return transform_marketing_campaigns_us(df, exchange_rates)
TypeError: transform_marketing_campaigns_us() takes 1 positional argument but 2 were given
[2025-06-11T16:07:18.050+0000] {taskinstance.py:1138} INFO - Marking task as FAILED. dag_id=multi_region_transform_staging_v2, task_id=process_region_us.process_marketing_campaigns_us, execution_date=20250611T160334, start_date=20250611T160630, end_date=20250611T160718
[2025-06-11T16:07:18.098+0000] {standard_task_runner.py:107} ERROR - Failed to execute job 183 for task process_region_us.process_marketing_campaigns_us (transform_marketing_campaigns_us() takes 1 positional argument but 2 were given; 21609)
[2025-06-11T16:07:18.162+0000] {local_task_job_runner.py:234} INFO - Task exited with return code 1
[2025-06-11T16:07:18.318+0000] {taskinstance.py:3280} INFO - 0 downstream tasks scheduled from follow-on schedule check
