[2025-06-11T12:32:05.246+0000] {taskinstance.py:1956} INFO - Dependencies all met for dep_context=non-requeueable deps ti=<TaskInstance: multi_region_transform_staging_v2.process_region_eu.process_categories_eu manual__2025-06-11T12:30:24.798327+00:00 [queued]>
[2025-06-11T12:32:05.265+0000] {taskinstance.py:1956} INFO - Dependencies all met for dep_context=requeueable deps ti=<TaskInstance: multi_region_transform_staging_v2.process_region_eu.process_categories_eu manual__2025-06-11T12:30:24.798327+00:00 [queued]>
[2025-06-11T12:32:05.267+0000] {taskinstance.py:2170} INFO - Starting attempt 2 of 2
[2025-06-11T12:32:05.299+0000] {taskinstance.py:2191} INFO - Executing <Task(_PythonDecoratedOperator): process_region_eu.process_categories_eu> on 2025-06-11 12:30:24.798327+00:00
[2025-06-11T12:32:05.311+0000] {standard_task_runner.py:60} INFO - Started process 52653 to run task
[2025-06-11T12:32:05.311+0000] {clientserver.py:543} INFO - Closing down clientserver connection
[2025-06-11T12:32:05.319+0000] {standard_task_runner.py:87} INFO - Running: ['airflow', 'tasks', 'run', 'multi_region_transform_staging_v2', 'process_region_eu.process_categories_eu', 'manual__2025-06-11T12:30:24.798327+00:00', '--job-id', '1746', '--raw', '--subdir', 'DAGS_FOLDER/master_dag.py', '--cfg-path', '/tmp/tmp75yp6nm1']
[2025-06-11T12:32:05.322+0000] {standard_task_runner.py:88} INFO - Job 1746: Subtask process_region_eu.process_categories_eu
[2025-06-11T12:32:05.477+0000] {task_command.py:423} INFO - Running <TaskInstance: multi_region_transform_staging_v2.process_region_eu.process_categories_eu manual__2025-06-11T12:30:24.798327+00:00 [running]> on host 8b0a421f0af7
[2025-06-11T12:32:05.726+0000] {taskinstance.py:2480} INFO - Exporting env vars: AIRFLOW_CTX_DAG_OWNER='data-team' AIRFLOW_CTX_DAG_ID='multi_region_transform_staging_v2' AIRFLOW_CTX_TASK_ID='process_region_eu.process_categories_eu' AIRFLOW_CTX_EXECUTION_DATE='2025-06-11T12:30:24.798327+00:00' AIRFLOW_CTX_TRY_NUMBER='2' AIRFLOW_CTX_DAG_RUN_ID='manual__2025-06-11T12:30:24.798327+00:00'
[2025-06-11T12:32:05.729+0000] {taskinstance.py:2698} ERROR - Task failed with exception
Traceback (most recent call last):
  File "/home/airflow/.local/lib/python3.10/site-packages/airflow/models/taskinstance.py", line 433, in _execute_task
    result = execute_callable(context=context, **execute_callable_kwargs)
  File "/home/airflow/.local/lib/python3.10/site-packages/airflow/decorators/base.py", line 241, in execute
    return_value = super().execute(context)
  File "/home/airflow/.local/lib/python3.10/site-packages/airflow/operators/python.py", line 199, in execute
    return_value = self.execute_callable()
  File "/home/airflow/.local/lib/python3.10/site-packages/airflow/operators/python.py", line 216, in execute_callable
    return self.python_callable(*self.op_args, **self.op_kwargs)
  File "/opt/airflow/dags/master_dag.py", line 188, in process_table
    spark = get_spark_session()
TypeError: get_spark_session() missing 1 required positional argument: 'app_name'
[2025-06-11T12:32:05.763+0000] {taskinstance.py:1138} INFO - Marking task as FAILED. dag_id=multi_region_transform_staging_v2, task_id=process_region_eu.process_categories_eu, execution_date=20250611T123024, start_date=20250611T123205, end_date=20250611T123205
[2025-06-11T12:32:05.789+0000] {standard_task_runner.py:107} ERROR - Failed to execute job 1746 for task process_region_eu.process_categories_eu (get_spark_session() missing 1 required positional argument: 'app_name'; 52653)
[2025-06-11T12:32:05.814+0000] {local_task_job_runner.py:234} INFO - Task exited with return code 1
[2025-06-11T12:32:05.905+0000] {taskinstance.py:3280} INFO - 0 downstream tasks scheduled from follow-on schedule check
